
simple_eiffel_parser: system execution failed.
Following is the set of recorded exceptions:

******************************** Thread exception *****************************
In thread           Root thread            0x0 (thread id)
*******************************************************************************
-------------------------------------------------------------------------------
Class / Object      Routine                Nature of exception           Effect
-------------------------------------------------------------------------------
CONSOLE             console_ps             FILE: unable to write STRING object.:
<000001E33C674098>                         Runtime I/O error.            Fail
-------------------------------------------------------------------------------
CONSOLE             console_ps                                          
<000001E33C674098>                         Routine failure.              Fail
-------------------------------------------------------------------------------
CONSOLE             put_string @6                                       
<000001E33C674098>                         Routine failure.              Fail
-------------------------------------------------------------------------------
STD_FILES           put_string @2                                       
<000001E33C674078>                         Routine failure.              Fail
-------------------------------------------------------------------------------
TEST_APP            print @6                                            
<000001E33C4224D8>  (From ANY)             Routine failure.              Fail
-------------------------------------------------------------------------------
TEST_APP            parse_file @13                                      
<000001E33C4224D8>                         Routine failure.              Fail
-------------------------------------------------------------------------------
TEST_APP            run_eiffelbase_diagnostics @26
<000001E33C4224D8>                         Routine failure.              Fail
-------------------------------------------------------------------------------
TEST_APP            make @8                                             
<000001E33C4224D8>                         Routine failure.              Fail
-------------------------------------------------------------------------------
TEST_APP            root's creation                                     
<000001E33C4224D8>                         Routine failure.              Exit
-------------------------------------------------------------------------------

simple_eiffel_parser: system execution failed.
Following is the set of recorded exceptions:

******************************** Thread exception *****************************
In thread           Root thread            0x0 (thread id)
*******************************************************************************
-------------------------------------------------------------------------------
Class / Object      Routine                Nature of exception           Effect
-------------------------------------------------------------------------------
ISE_EXCEPTION_MANAGER
                    developer_raise        has precondition:
<00000209140E8498>                         Developer exception.          Fail
-------------------------------------------------------------------------------
ISE_EXCEPTION_MANAGER
                    developer_raise        
<00000209140E8498>                         Routine failure.              Fail
-------------------------------------------------------------------------------
ISE_EXCEPTION_MANAGER
                    raise @11              
<00000209140E8498>                         Routine failure.              Fail
-------------------------------------------------------------------------------
DEVELOPER_EXCEPTION raise @2                                            
<00000209140E83E8>  (From EXCEPTION)       Routine failure.              Fail
-------------------------------------------------------------------------------
EIFFEL_PARSER_TEST_SUITE
                    assert @7              
<00000209140339B8>  (From EQA_ASSERTIONS)  Routine failure.              Fail
-------------------------------------------------------------------------------
EIFFEL_PARSER_TEST_SUITE
                    test_contracts @8      
<00000209140339B8>                         Routine failure.              Fail
-------------------------------------------------------------------------------
TEST_APP            run_single_test @2                                  
<0000020914A774D8>                         Routine failure.              Rescue
-------------------------------------------------------------------------------
TEST_APP            run_lib_tests @19                                   
<0000020914A774D8>                         Routine failure.              Fail
-------------------------------------------------------------------------------
TEST_APP            make @3                                             
<0000020914A774D8>                         Routine failure.              Fail
-------------------------------------------------------------------------------
TEST_APP            root's creation                                     
<0000020914A774D8>                         Routine failure.              Exit
-------------------------------------------------------------------------------

simple_eiffel_parser: system execution failed.
Following is the set of recorded exceptions:

******************************** Thread exception *****************************
In thread           Root thread            0x0 (thread id)
*******************************************************************************
-------------------------------------------------------------------------------
Class / Object      Routine                Nature of exception           Effect
-------------------------------------------------------------------------------
ISE_EXCEPTION_MANAGER
                    developer_raise        is once:
<0000018E9BB9B758>                         Developer exception.          Fail
-------------------------------------------------------------------------------
ISE_EXCEPTION_MANAGER
                    developer_raise        
<0000018E9BB9B758>                         Routine failure.              Fail
-------------------------------------------------------------------------------
ISE_EXCEPTION_MANAGER
                    raise @11              
<0000018E9BB9B758>                         Routine failure.              Fail
-------------------------------------------------------------------------------
DEVELOPER_EXCEPTION raise @2                                            
<0000018E9BB9B6A8>  (From EXCEPTION)       Routine failure.              Fail
-------------------------------------------------------------------------------
EIFFEL_PARSER_TEST_SUITE
                    assert @7              
<0000018E9BB4CD78>  (From EQA_ASSERTIONS)  Routine failure.              Fail
-------------------------------------------------------------------------------
EIFFEL_PARSER_TEST_SUITE
                    test_once_function @8  
<0000018E9BB4CD78>                         Routine failure.              Fail
-------------------------------------------------------------------------------
TEST_APP            run_single_test @2                                  
<0000018E9CAA64D8>                         Routine failure.              Rescue
-------------------------------------------------------------------------------
TEST_APP            run_lib_tests @20                                   
<0000018E9CAA64D8>                         Routine failure.              Fail
-------------------------------------------------------------------------------
TEST_APP            make @3                                             
<0000018E9CAA64D8>                         Routine failure.              Fail
-------------------------------------------------------------------------------
TEST_APP            root's creation                                     
<0000018E9CAA64D8>                         Routine failure.              Exit
-------------------------------------------------------------------------------

simple_eiffel_parser: system execution failed.
Following is the set of recorded exceptions:

******************************** Thread exception *****************************
In thread           Root thread            0x0 (thread id)
*******************************************************************************
-------------------------------------------------------------------------------
Class / Object      Routine                Nature of exception           Effect
-------------------------------------------------------------------------------
CONSOLE             console_ps             FILE: unable to write STRING object.:
<000001BECF31F098>                         Runtime I/O error.            Fail
-------------------------------------------------------------------------------
CONSOLE             console_ps                                          
<000001BECF31F098>                         Routine failure.              Fail
-------------------------------------------------------------------------------
CONSOLE             put_string @6                                       
<000001BECF31F098>                         Routine failure.              Fail
-------------------------------------------------------------------------------
STD_FILES           put_string @2                                       
<000001BECF31F078>                         Routine failure.              Fail
-------------------------------------------------------------------------------
TEST_APP            print @6                                            
<000001BECF0CD4D8>  (From ANY)             Routine failure.              Fail
-------------------------------------------------------------------------------
TEST_APP            test_case @7                                        
<000001BECF0CD4D8>                         Routine failure.              Fail
-------------------------------------------------------------------------------
TEST_APP            test_minimal_cases @7                               
<000001BECF0CD4D8>                         Routine failure.              Fail
-------------------------------------------------------------------------------
TEST_APP            make @5                                             
<000001BECF0CD4D8>                         Routine failure.              Fail
-------------------------------------------------------------------------------
TEST_APP            root's creation                                     
<000001BECF0CD4D8>                         Routine failure.              Exit
-------------------------------------------------------------------------------
